<?xml version="1.0" encoding="UTF-8"?>
<testng-results skipped="1" failed="0" ignored="0" total="5" passed="4">
  <reporter-output>
  </reporter-output>
  <suite name="Default suite" duration-ms="32492" started-at="2021-03-02T17:29:50 IST" finished-at="2021-03-02T17:30:22 IST">
    <groups>
    </groups>
    <test name="Default test" duration-ms="32492" started-at="2021-03-02T17:29:50 IST" finished-at="2021-03-02T17:30:22 IST">
      <class name="test.RightEase.testcases.com.HomePage_rightease_Test">
        <test-method status="PASS" signature="setup()[pri:0, instance:test.RightEase.testcases.com.HomePage_rightease_Test@20ce78ec]" name="setup" is-config="true" duration-ms="21740" started-at="2021-03-02T17:29:50 IST" finished-at="2021-03-02T17:30:11 IST">
          <reporter-output>
          </reporter-output>
        </test-method> <!-- setup -->
        <test-method status="PASS" signature="ValidatelogoTest()[pri:1, instance:test.RightEase.testcases.com.HomePage_rightease_Test@20ce78ec]" name="ValidatelogoTest" duration-ms="4739" started-at="2021-03-02T17:30:11 IST" finished-at="2021-03-02T17:30:16 IST">
          <reporter-output>
          </reporter-output>
        </test-method> <!-- ValidatelogoTest -->
        <test-method status="PASS" signature="ClickAppointmentsShow()[pri:2, instance:test.RightEase.testcases.com.HomePage_rightease_Test@20ce78ec]" name="ClickAppointmentsShow" duration-ms="3081" started-at="2021-03-02T17:30:16 IST" finished-at="2021-03-02T17:30:19 IST">
          <reporter-output>
          </reporter-output>
        </test-method> <!-- ClickAppointmentsShow -->
        <test-method status="SKIP" signature="validateCreateNewAppointments(java.lang.String, java.lang.String, java.lang.String, java.lang.String, java.lang.String, java.lang.String, java.lang.String, java.lang.String, java.lang.String, java.lang.String, java.lang.String)[pri:3, instance:test.RightEase.testcases.com.HomePage_rightease_Test@20ce78ec]" name="validateCreateNewAppointments" duration-ms="0" started-at="2021-03-02T17:30:21 IST" data-provider="sheetname" finished-at="2021-03-02T17:30:21 IST">
          <exception class="java.lang.RuntimeException">
            <message>
              <![CDATA[java.lang.NullPointerException]]>
            </message>
            <full-stacktrace>
              <![CDATA[java.lang.RuntimeException: java.lang.NullPointerException
at org.testng.internal.MethodInvocationHelper.invokeMethodNoCheckedException(MethodInvocationHelper.java:49)
at org.testng.internal.MethodInvocationHelper.invokeDataProvider(MethodInvocationHelper.java:145)
at org.testng.internal.Parameters.handleParameters(Parameters.java:797)
at org.testng.internal.Parameters.handleParameters(Parameters.java:740)
at org.testng.internal.ParameterHandler.handleParameters(ParameterHandler.java:59)
at org.testng.internal.ParameterHandler.createParameters(ParameterHandler.java:38)
at org.testng.internal.TestInvoker$MethodInvocationAgent.invoke(TestInvoker.java:789)
at org.testng.internal.TestInvoker.invokeTestMethods(TestInvoker.java:147)
at org.testng.internal.TestMethodWorker.invokeTestMethods(TestMethodWorker.java:146)
at org.testng.internal.TestMethodWorker.run(TestMethodWorker.java:128)
at java.util.ArrayList.forEach(ArrayList.java:1259)
at org.testng.TestRunner.privateRun(TestRunner.java:764)
at org.testng.TestRunner.run(TestRunner.java:585)
at org.testng.SuiteRunner.runTest(SuiteRunner.java:384)
at org.testng.SuiteRunner.runSequentially(SuiteRunner.java:378)
at org.testng.SuiteRunner.privateRun(SuiteRunner.java:337)
at org.testng.SuiteRunner.run(SuiteRunner.java:286)
at org.testng.SuiteRunnerWorker.runSuite(SuiteRunnerWorker.java:53)
at org.testng.SuiteRunnerWorker.run(SuiteRunnerWorker.java:96)
at org.testng.TestNG.runSuitesSequentially(TestNG.java:1218)
at org.testng.TestNG.runSuitesLocally(TestNG.java:1140)
at org.testng.TestNG.runSuites(TestNG.java:1069)
at org.testng.TestNG.run(TestNG.java:1037)
at org.testng.remote.AbstractRemoteTestNG.run(AbstractRemoteTestNG.java:115)
at org.testng.remote.RemoteTestNG.initAndRun(RemoteTestNG.java:251)
at org.testng.remote.RemoteTestNG.main(RemoteTestNG.java:77)
Caused by: java.lang.NullPointerException
at com.rightease.Util.righteaseUtil.getTestData(righteaseUtil.java:58)
at test.RightEase.testcases.com.HomePage_rightease_Test.getrighteaseTestData(HomePage_rightease_Test.java:50)
at sun.reflect.NativeMethodAccessorImpl.invoke0(Native Method)
at sun.reflect.NativeMethodAccessorImpl.invoke(NativeMethodAccessorImpl.java:62)
at sun.reflect.DelegatingMethodAccessorImpl.invoke(DelegatingMethodAccessorImpl.java:43)
at java.lang.reflect.Method.invoke(Method.java:498)
at org.testng.internal.MethodInvocationHelper.invokeMethod(MethodInvocationHelper.java:132)
at org.testng.internal.MethodInvocationHelper.invokeMethod(MethodInvocationHelper.java:76)
at org.testng.internal.MethodInvocationHelper.invokeMethodNoCheckedException(MethodInvocationHelper.java:45)
... 25 more
]]>
            </full-stacktrace>
          </exception> <!-- java.lang.RuntimeException -->
          <reporter-output>
          </reporter-output>
        </test-method> <!-- validateCreateNewAppointments -->
        <test-method status="PASS" signature="ClickFreeShow()[pri:4, instance:test.RightEase.testcases.com.HomePage_rightease_Test@20ce78ec]" name="ClickFreeShow" duration-ms="265" started-at="2021-03-02T17:30:21 IST" finished-at="2021-03-02T17:30:22 IST">
          <reporter-output>
          </reporter-output>
        </test-method> <!-- ClickFreeShow -->
        <test-method status="PASS" signature="ClickCreateAppointmentShow()[pri:5, instance:test.RightEase.testcases.com.HomePage_rightease_Test@20ce78ec]" name="ClickCreateAppointmentShow" duration-ms="252" started-at="2021-03-02T17:30:22 IST" finished-at="2021-03-02T17:30:22 IST">
          <reporter-output>
          </reporter-output>
        </test-method> <!-- ClickCreateAppointmentShow -->
      </class> <!-- test.RightEase.testcases.com.HomePage_rightease_Test -->
    </test> <!-- Default test -->
  </suite> <!-- Default suite -->
</testng-results>
