<?xml version="1.0" encoding="UTF-8"?>
<!-- Generated by org.testng.reporters.JUnitXMLReporter -->
<testsuite hostname="5CD8377X59" ignored="0" name="Default test" tests="5" failures="0" timestamp="2021-03-02T17:30:22 IST" time="32.492" errors="0">
  <testcase name="ValidatelogoTest" time="4.739" classname="test.RightEase.testcases.com.HomePage_rightease_Test"/>
  <testcase name="ClickAppointmentsShow" time="3.081" classname="test.RightEase.testcases.com.HomePage_rightease_Test"/>
  <testcase name="validateCreateNewAppointments" time="0.0" classname="test.RightEase.testcases.com.HomePage_rightease_Test">
    <skipped/>
  </testcase> <!-- validateCreateNewAppointments -->
  <testcase name="ClickFreeShow" time="0.265" classname="test.RightEase.testcases.com.HomePage_rightease_Test"/>
  <testcase name="ClickCreateAppointmentShow" time="0.252" classname="test.RightEase.testcases.com.HomePage_rightease_Test"/>
</testsuite> <!-- Default test -->
